g:\cpp project\164_4\5\release\vc120.pdb
g:\cpp project\164_4\5\release\texture.obj
g:\cpp project\164_4\5\release\sphere.obj
g:\cpp project\164_4\5\release\robot.obj
g:\cpp project\164_4\5\release\objobject.obj
g:\cpp project\164_4\5\release\node.obj
g:\cpp project\164_4\5\release\matrixtransform.obj
g:\cpp project\164_4\5\release\drawdata.obj
g:\cpp project\164_4\5\release\drawable.obj
g:\cpp project\164_4\5\release\matrix4.obj
g:\cpp project\164_4\5\release\material.obj
g:\cpp project\164_4\5\release\light.obj
g:\cpp project\164_4\5\release\cube.obj
g:\cpp project\164_4\5\release\color.obj
g:\cpp project\164_4\5\release\camera.obj
g:\cpp project\164_4\5\release\main.obj
g:\cpp project\164_4\5\release\house.obj
g:\cpp project\164_4\5\release\group.obj
g:\cpp project\164_4\5\release\geode.obj
g:\cpp project\164_4\5\release\cylinder.obj
g:\cpp project\164_4\5\release\bodyparts.obj
g:\cpp project\164_4\5\release\mathtestbench.obj
g:\cpp project\164_4\5\release\globals.obj
g:\cpp project\164_4\5\release\window.obj
g:\cpp project\164_4\5\release\vector4.obj
g:\cpp project\164_4\5\release\vector3.obj
g:\cpp project\164_4\5\release\updatedata.obj
g:\cpp project\attachments\5\release\vc120.pdb
g:\cpp project\attachments\5\release\updatedata.obj
g:\cpp project\attachments\5\release\texture.obj
g:\cpp project\attachments\5\release\sphere.obj
g:\cpp project\attachments\5\release\robot.obj
g:\cpp project\attachments\5\release\node.obj
g:\cpp project\attachments\5\release\matrixtransform.obj
g:\cpp project\attachments\5\release\drawdata.obj
g:\cpp project\attachments\5\release\drawable.obj
g:\cpp project\attachments\5\release\matrix4.obj
g:\cpp project\attachments\5\release\material.obj
g:\cpp project\attachments\5\release\light.obj
g:\cpp project\attachments\5\release\cube.obj
g:\cpp project\attachments\5\release\color.obj
g:\cpp project\attachments\5\release\camera.obj
g:\cpp project\attachments\5\release\main.obj
g:\cpp project\attachments\5\release\house.obj
g:\cpp project\attachments\5\release\group.obj
g:\cpp project\attachments\5\release\geode.obj
g:\cpp project\attachments\5\release\cylinder.obj
g:\cpp project\attachments\5\release\bodyparts.obj
g:\cpp project\attachments\5\release\mathtestbench.obj
g:\cpp project\attachments\5\release\vector4.obj
g:\cpp project\attachments\5\release\vector3.obj
g:\cpp project\attachments\5\release\globals.obj
g:\cpp project\attachments\5\release\window.obj
g:\cpp project\attachments\5\release\bmp.obj
g:\cpp project\attachments\5\release\particle.obj
g:\cpp project\164_4\5\release\cube.exe
g:\cpp project\164_4\5\release\cube.pdb
g:\cpp project\attachments\5\release\cube.exe
g:\cpp project\attachments\5\release\cube.pdb
g:\cpp project\vividhina167\cse167_final\covix\release\bmp.obj
g:\cpp project\vividhina167\cse167_final\covix\release\bodyparts.obj
g:\cpp project\vividhina167\cse167_final\covix\release\camera.obj
g:\cpp project\vividhina167\cse167_final\covix\release\color.obj
g:\cpp project\vividhina167\cse167_final\covix\release\cube.obj
g:\cpp project\vividhina167\cse167_final\covix\release\cylinder.obj
g:\cpp project\vividhina167\cse167_final\covix\release\drawable.obj
g:\cpp project\vividhina167\cse167_final\covix\release\drawdata.obj
g:\cpp project\vividhina167\cse167_final\covix\release\geode.obj
g:\cpp project\vividhina167\cse167_final\covix\release\globals.obj
g:\cpp project\vividhina167\cse167_final\covix\release\group.obj
g:\cpp project\vividhina167\cse167_final\covix\release\house.obj
g:\cpp project\vividhina167\cse167_final\covix\release\light.obj
g:\cpp project\vividhina167\cse167_final\covix\release\main.obj
g:\cpp project\vividhina167\cse167_final\covix\release\material.obj
g:\cpp project\vividhina167\cse167_final\covix\release\mathtestbench.obj
g:\cpp project\vividhina167\cse167_final\covix\release\matrix4.obj
g:\cpp project\vividhina167\cse167_final\covix\release\matrixtransform.obj
g:\cpp project\vividhina167\cse167_final\covix\release\node.obj
g:\cpp project\vividhina167\cse167_final\covix\release\objobject.obj
g:\cpp project\vividhina167\cse167_final\covix\release\particle.obj
g:\cpp project\vividhina167\cse167_final\covix\release\robot.obj
g:\cpp project\vividhina167\cse167_final\covix\release\sphere.obj
g:\cpp project\vividhina167\cse167_final\covix\release\texture.obj
g:\cpp project\vividhina167\cse167_final\covix\release\updatedata.obj
g:\cpp project\vividhina167\cse167_final\covix\release\vector3.obj
g:\cpp project\vividhina167\cse167_final\covix\release\vector4.obj
g:\cpp project\vividhina167\cse167_final\covix\release\window.obj
g:\cpp project\vividhina167\cse167_final\covix\release\cube.pdb
g:\cpp project\vividhina167\cse167_final\covix\release\vc120.pdb
g:\cpp project\vividhina167\cse167_final\covix\release\cube.exe
g:\cpp project\vividhina167\cse167_final\covix\release\cube.tlog\cl.command.1.tlog
g:\cpp project\vividhina167\cse167_final\covix\release\cube.tlog\cl.read.1.tlog
g:\cpp project\vividhina167\cse167_final\covix\release\cube.tlog\cl.write.1.tlog
g:\cpp project\vividhina167\cse167_final\covix\release\cube.tlog\link.command.1.tlog
g:\cpp project\vividhina167\cse167_final\covix\release\cube.tlog\link.read.1.tlog
g:\cpp project\vividhina167\cse167_final\covix\release\cube.tlog\link.write.1.tlog
